<?xml version="1.0" encoding="UTF-8"?>
<!-- Generated by org.testng.reporters.JUnitReportReporter -->
<testsuite skipped="0" hostname="PC" name="MyTestNGTest" tests="4" failures="0" timestamp="19 мар 2018 21:45:14 GMT" time="47.869" errors="0">
  <testcase name="shopTest" time="31.182" classname="MyTestNGTest"/>
  <testcase name="NavigateToAddProductTest" time="10.295" classname="MyTestNGTest"/>
  <testcase name="AutenticationTest" time="4.461" classname="MyTestNGTest"/>
  <testcase name="AddNewProductTest" time="1.931" classname="MyTestNGTest"/>
</testsuite> <!-- MyTestNGTest -->
